cp: target '/hpc/home/yk132/storage/data/CAFO_FarmDust_PromethION/CAFO_FarmDust//CAFO_PromethION_output/demux_simplex_filtered/*.fastq.gz' is not a directory
INFO:    Environment variable SINGULARITY_TMPDIR is set, but APPTAINER_TMPDIR is preferred
INFO:    Using cached SIF image
perl: warning: Setting locale failed.
perl: warning: Please check that your locale settings:
	LANGUAGE = (unset),
	LC_ALL = (unset),
	LANG = "en_US.UTF-8"
    are supported and installed on your system.
perl: warning: Falling back to the standard locale ("C").
Skipping '/hpc/home/yk132/storage/data/CAFO_FarmDust_PromethION/CAFO_FarmDust//CAFO_PromethION_output/demux_simplex_filtered/*' which didn't exist, or couldn't be read
INFO:    Environment variable SINGULARITY_TMPDIR is set, but APPTAINER_TMPDIR is preferred
INFO:    Using cached SIF image
perl: warning: Setting locale failed.
perl: warning: Please check that your locale settings:
	LANGUAGE = (unset),
	LC_ALL = (unset),
	LANG = "en_US.UTF-8"
    are supported and installed on your system.
perl: warning: Falling back to the standard locale ("C").
