N E X T F L O W  ~  version 23.04.3
Launching `https://github.com/epi2me-labs/wf-metagenomics` [jovial_lorenz] DSL2 - revision: b12d893856 [master]
WARN: NEXTFLOW RECURSION IS A PREVIEW FEATURE - SYNTAX AND FUNCTIONALITY CAN CHANGE IN FUTURE RELEASES

||||||||||   _____ ____ ___ ____  __  __ _____      _       _
||||||||||  | ____|  _ \_ _|___ \|  \/  | ____|    | | __ _| |__  ___
|||||       |  _| | |_) | |  __) | |\/| |  _| _____| |/ _` | '_ \/ __|
|||||       | |___|  __/| | / __/| |  | | |__|_____| | (_| | |_) \__ \
||||||||||  |_____|_|  |___|_____|_|  |_|_____|    |_|\__,_|_.__/|___/
||||||||||  wf-metagenomics v2.9.4-gb12d893
--------------------------------------------------------------------------------
Core Nextflow options
  revision       : master
  runName        : jovial_lorenz
  containerEngine: singularity
  launchDir      : /hpc/group/gunschlab/yk132/storage/CAFO_FarmDust_PromethION
  workDir        : /work/yk132/CAFO_Nanopore_work/nf_working
  projectDir     : /hpc/home/yk132/.nextflow/assets/epi2me-labs/wf-metagenomics
  userName       : yk132
  profile        : singularity
  configFiles    : /hpc/home/yk132/.nextflow/assets/epi2me-labs/wf-metagenomics/nextflow.config, /hpc/group/gunschlab/yk132/storage/CAFO_FarmDust_PromethION/nextflow.config, /hpc/group/gunschlab/yk132/storage/CAFO_FarmDust_PromethION/./nextflow.config

Input Options
  fastq          : /hpc/home/yk132/storage/data/CAFO_FarmDust_PromethION/CAFO_FarmDust//CAFO_PromethION_output/demux_simplex_filtered/Blanks_pooled.fastq.gz
  classifier     : minimap2

Reference Options
  database_set   : ncbi_16s_18s_28s_ITS
  store_dir      : /hpc/home/yk132/storage/data/CAFO_FarmDust_PromethION/CAFO_FarmDust//CAFO_PromethION_output/Job4_Minimap2_db
  database_sets  : [ncbi_16s_18s:[reference:https://ont-exd-int-s3-euwst1-epi2me-labs.s3.amazonaws.com/wf-metagenomics/ncbi_16s_18s/ncbi_targeted_loci_16s_18s.fna, database:https://ont-exd-int-s3-euwst1-epi2me-labs.s3.amazonaws.com/wf-metagenomics/ncbi_16s_18s/ncbi_targeted_loci_kraken2.tar.gz, ref2taxid:https://ont-exd-int-s3-euwst1-epi2me-labs.s3.amazonaws.com/wf-metagenomics/ncbi_16s_18s/ref2taxid.targloci.tsv, taxonomy:https://ftp.ncbi.nlm.nih.gov/pub/taxonomy/taxdump_archive/taxdmp_2023-01-01.zip], ncbi_16s_18s_28s_ITS:[reference:https://ont-exd-int-s3-euwst1-epi2me-labs.s3.amazonaws.com/wf-metagenomics/ncbi_16s_18s_28s_ITS/ncbi_16s_18s_28s_ITS.fna, database:https://ont-exd-int-s3-euwst1-epi2me-labs.s3.amazonaws.com/wf-metagenomics/ncbi_16s_18s_28s_ITS/ncbi_16s_18s_28s_ITS_kraken2.tar.gz, ref2taxid:https://ont-exd-int-s3-euwst1-epi2me-labs.s3.amazonaws.com/wf-metagenomics/ncbi_16s_18s_28s_ITS/ref2taxid.ncbi_16s_18s_28s_ITS.tsv, taxonomy:https://ftp.ncbi.nlm.nih.gov/pub/taxonomy/taxdump_archive/taxdmp_2023-01-01.zip], SILVA_138_1:[database:null], Standard-8:[database:https://genome-idx.s3.amazonaws.com/kraken/k2_standard_08gb_20231009.tar.gz, taxonomy:https://ftp.ncbi.nlm.nih.gov/pub/taxonomy/taxdump_archive/new_taxdump_2023-03-01.zip], PlusPF-8:[database:https://genome-idx.s3.amazonaws.com/kraken/k2_pluspf_08gb_20230314.tar.gz, taxonomy:https://ftp.ncbi.nlm.nih.gov/pub/taxonomy/taxdump_archive/new_taxdump_2023-03-01.zip], PlusPFP-8:[database:https://genome-idx.s3.amazonaws.com/kraken/k2_pluspfp_08gb_20230314.tar.gz, taxonomy:https://ftp.ncbi.nlm.nih.gov/pub/taxonomy/taxdump_archive/new_taxdump_2023-03-01.zip]]

Output Options
  out_dir        : /hpc/home/yk132/storage/data/CAFO_FarmDust_PromethION/CAFO_FarmDust//CAFO_PromethION_output/Job4_blank_wf_metagenomics

Advanced Options
  min_len        : 50
  threads        : 32

!! Only displaying parameters that differ from the pipeline defaults !!
--------------------------------------------------------------------------------
If you use epi2me-labs/wf-metagenomics for your analysis please cite:

* The nf-core framework
  https://doi.org/10.1038/s41587-020-0439-x


--------------------------------------------------------------------------------
This is epi2me-labs/wf-metagenomics v2.9.4-gb12d893.
--------------------------------------------------------------------------------
Checking inputs.
Searching input for [.fastq, .fastq.gz, .fq, .fq.gz] files.
[-        ] process > fastcat                        -
[-        ] process > prepare_databases:download_... -
Note: Empty files or those files whose reads have been discarded after filtering based on read length and/or read quality will not appear in the report and will be excluded from subsequent analysis.
Minimap2 pipeline.
Preparing databases.
Using default taxonomy database.
Using a default database.

[-        ] process > fastcat                        -
[-        ] process > prepare_databases:download_... -
[-        ] process > prepare_databases:download_... -
[-        ] process > minimap_pipeline:run_common... -
[-        ] process > minimap_pipeline:run_common... -
[-        ] process > minimap_pipeline:minimap       -
[-        ] process > minimap_pipeline:createAbun... -
[-        ] process > minimap_pipeline:makeReport    -
[-        ] process > minimap_pipeline:output_res... -
Note: Empty files or those files whose reads have been discarded after filtering based on read length and/or read quality will not appear in the report and will be excluded from subsequent analysis.
Minimap2 pipeline.
Preparing databases.
Using default taxonomy database.
Using a default database.

[-        ] process > fastcat                        [  0%] 0 of 1
[-        ] process > prepare_databases:download_... -
[-        ] process > prepare_databases:download_... [  0%] 0 of 1
[-        ] process > minimap_pipeline:run_common... [  0%] 0 of 1
[-        ] process > minimap_pipeline:run_common... [  0%] 0 of 1
[-        ] process > minimap_pipeline:minimap       -
[-        ] process > minimap_pipeline:createAbun... -
[-        ] process > minimap_pipeline:makeReport    -
[-        ] process > minimap_pipeline:output_res... -
Note: Empty files or those files whose reads have been discarded after filtering based on read length and/or read quality will not appear in the report and will be excluded from subsequent analysis.
Minimap2 pipeline.
Preparing databases.
Using default taxonomy database.
Using a default database.

[-        ] process > fastcat                        [  0%] 0 of 1
[-        ] process > prepare_databases:download_... [  0%] 0 of 1
[-        ] process > prepare_databases:download_... [  0%] 0 of 1
[-        ] process > minimap_pipeline:run_common... [  0%] 0 of 1
[-        ] process > minimap_pipeline:run_common... [  0%] 0 of 1
[-        ] process > minimap_pipeline:minimap       -
[-        ] process > minimap_pipeline:createAbun... -
[-        ] process > minimap_pipeline:makeReport    -
[-        ] process > minimap_pipeline:output_res... -
Note: Empty files or those files whose reads have been discarded after filtering based on read length and/or read quality will not appear in the report and will be excluded from subsequent analysis.
Minimap2 pipeline.
Preparing databases.
Using default taxonomy database.
Using a default database.

executor >  slurm (1)
[c3/95b64d] process > fastcat (1)                    [  0%] 0 of 1
[-        ] process > prepare_databases:download_... [  0%] 0 of 1
[-        ] process > prepare_databases:download_... [  0%] 0 of 1
[-        ] process > minimap_pipeline:run_common... [  0%] 0 of 1
[-        ] process > minimap_pipeline:run_common... [  0%] 0 of 1
[-        ] process > minimap_pipeline:minimap       -
[-        ] process > minimap_pipeline:createAbun... -
[-        ] process > minimap_pipeline:makeReport    -
[-        ] process > minimap_pipeline:output_res... -
Note: Empty files or those files whose reads have been discarded after filtering based on read length and/or read quality will not appear in the report and will be excluded from subsequent analysis.
Minimap2 pipeline.
Preparing databases.
Using default taxonomy database.
Using a default database.

executor >  slurm (3)
[c3/95b64d] process > fastcat (1)                    [  0%] 0 of 1
[-        ] process > prepare_databases:download_... [  0%] 0 of 1
[7f/5d2fb5] process > prepare_databases:download_... [  0%] 0 of 1
[-        ] process > minimap_pipeline:run_common... [  0%] 0 of 1
[da/90c8dd] process > minimap_pipeline:run_common... [  0%] 0 of 1
[-        ] process > minimap_pipeline:minimap       -
[-        ] process > minimap_pipeline:createAbun... -
[-        ] process > minimap_pipeline:makeReport    -
[-        ] process > minimap_pipeline:output_res... -
Note: Empty files or those files whose reads have been discarded after filtering based on read length and/or read quality will not appear in the report and will be excluded from subsequent analysis.
Minimap2 pipeline.
Preparing databases.
Using default taxonomy database.
Using a default database.

executor >  slurm (4)
[c3/95b64d] process > fastcat (1)                    [  0%] 0 of 1
[-        ] process > prepare_databases:download_... [  0%] 0 of 1
[7f/5d2fb5] process > prepare_databases:download_... [  0%] 0 of 1
[e9/a9d168] process > minimap_pipeline:run_common... [  0%] 0 of 1
[da/90c8dd] process > minimap_pipeline:run_common... [  0%] 0 of 1
[-        ] process > minimap_pipeline:minimap       -
[-        ] process > minimap_pipeline:createAbun... -
[-        ] process > minimap_pipeline:makeReport    -
[-        ] process > minimap_pipeline:output_res... -
Note: Empty files or those files whose reads have been discarded after filtering based on read length and/or read quality will not appear in the report and will be excluded from subsequent analysis.
Minimap2 pipeline.
Preparing databases.
Using default taxonomy database.
Using a default database.

executor >  slurm (5)
[c3/95b64d] process > fastcat (1)                    [  0%] 0 of 1
[76/cd8847] process > prepare_databases:download_... [  0%] 0 of 1
[7f/5d2fb5] process > prepare_databases:download_... [  0%] 0 of 1
[e9/a9d168] process > minimap_pipeline:run_common... [  0%] 0 of 1
[da/90c8dd] process > minimap_pipeline:run_common... [  0%] 0 of 1
[-        ] process > minimap_pipeline:minimap       -
[-        ] process > minimap_pipeline:createAbun... -
[-        ] process > minimap_pipeline:makeReport    -
[-        ] process > minimap_pipeline:output_res... -
Note: Empty files or those files whose reads have been discarded after filtering based on read length and/or read quality will not appear in the report and will be excluded from subsequent analysis.
Minimap2 pipeline.
Preparing databases.
Using default taxonomy database.
Using a default database.

executor >  slurm (5)
[c3/95b64d] process > fastcat (1)                    [  0%] 0 of 1
[76/cd8847] process > prepare_databases:download_... [  0%] 0 of 1
[7f/5d2fb5] process > prepare_databases:download_... [  0%] 0 of 1
[e9/a9d168] process > minimap_pipeline:run_common... [  0%] 0 of 1
[da/90c8dd] process > minimap_pipeline:run_common... [  0%] 0 of 1
[-        ] process > minimap_pipeline:minimap       -
[-        ] process > minimap_pipeline:createAbun... -
[-        ] process > minimap_pipeline:makeReport    -
[-        ] process > minimap_pipeline:output_res... -
Note: Empty files or those files whose reads have been discarded after filtering based on read length and/or read quality will not appear in the report and will be excluded from subsequent analysis.
Minimap2 pipeline.
Preparing databases.
Using default taxonomy database.
Using a default database.

executor >  slurm (5)
[c3/95b64d] process > fastcat (1)                    [  0%] 0 of 1
[76/cd8847] process > prepare_databases:download_... [  0%] 0 of 1
[7f/5d2fb5] process > prepare_databases:download_... [  0%] 0 of 1
[e9/a9d168] process > minimap_pipeline:run_common... [  0%] 0 of 1
[da/90c8dd] process > minimap_pipeline:run_common... [  0%] 0 of 1
[-        ] process > minimap_pipeline:minimap       -
[-        ] process > minimap_pipeline:createAbun... -
[-        ] process > minimap_pipeline:makeReport    -
[-        ] process > minimap_pipeline:output_res... -
Note: Empty files or those files whose reads have been discarded after filtering based on read length and/or read quality will not appear in the report and will be excluded from subsequent analysis.
Minimap2 pipeline.
Preparing databases.
Using default taxonomy database.
Using a default database.

executor >  slurm (5)
[c3/95b64d] process > fastcat (1)                    [100%] 1 of 1 ✔
[76/cd8847] process > prepare_databases:download_... [  0%] 0 of 1
[7f/5d2fb5] process > prepare_databases:download_... [  0%] 0 of 1
[e9/a9d168] process > minimap_pipeline:run_common... [  0%] 0 of 1
[da/90c8dd] process > minimap_pipeline:run_common... [100%] 1 of 1 ✔
[-        ] process > minimap_pipeline:minimap       -
[-        ] process > minimap_pipeline:createAbun... -
[-        ] process > minimap_pipeline:makeReport    -
[-        ] process > minimap_pipeline:output_res... [  0%] 0 of 1






executor >  slurm (6)
[c3/95b64d] process > fastcat (1)                    [100%] 1 of 1 ✔
[76/cd8847] process > prepare_databases:download_... [  0%] 0 of 1
[7f/5d2fb5] process > prepare_databases:download_... [  0%] 0 of 1
[e9/a9d168] process > minimap_pipeline:run_common... [  0%] 0 of 1
[da/90c8dd] process > minimap_pipeline:run_common... [100%] 1 of 1 ✔
[-        ] process > minimap_pipeline:minimap       -
[-        ] process > minimap_pipeline:createAbun... -
[-        ] process > minimap_pipeline:makeReport    -
[94/12ea33] process > minimap_pipeline:output_res... [  0%] 0 of 1






executor >  slurm (6)
[c3/95b64d] process > fastcat (1)                    [100%] 1 of 1 ✔
[76/cd8847] process > prepare_databases:download_... [  0%] 0 of 1
[7f/5d2fb5] process > prepare_databases:download_... [  0%] 0 of 1
[e9/a9d168] process > minimap_pipeline:run_common... [  0%] 0 of 1
[da/90c8dd] process > minimap_pipeline:run_common... [100%] 1 of 1 ✔
[-        ] process > minimap_pipeline:minimap       -
[-        ] process > minimap_pipeline:createAbun... -
[-        ] process > minimap_pipeline:makeReport    -
[94/12ea33] process > minimap_pipeline:output_res... [  0%] 0 of 1
ERROR ~ Error executing process > 'prepare_databases:download_reference_ref2taxid'

Caused by:
  Missing output file(s) `ncbi_16s_18s_28s_ITS_db/ncbi_16s_18s_28s_ITS.fna` expected by process `prepare_databases:download_reference_ref2taxid`

Command executed:

  wget 'https://ont-exd-int-s3-euwst1-epi2me-labs.s3.amazonaws.com/wf-metagenomics/ncbi_16s_18s_28s_ITS/ncbi_16s_18s_28s_ITS.fna'
  wget 'https://ont-exd-int-s3-euwst1-epi2me-labs.s3.amazonaws.com/wf-metagenomics/ncbi_16s_18s_28s_ITS/ref2taxid.ncbi_16s_18s_28s_ITS.tsv'
  mkdir ncbi_16s_18s_28s_ITS_db
  mv "ncbi_16s_18s_28s_ITS.fna" ncbi_16s_18s_28s_ITS_db/
  mv "ref2taxid.ncbi_16s_18s_28s_ITS.tsv" ncbi_16s_18s_28s_ITS_db/

Command exit status:
  0

Command output:
  (empty)

Command error:
   65250K .......... .......... .......... .......... .......... 98% 3.66M 0s
   65300K .......... .......... .......... .......... .......... 98% 29.1M 0s
   65350K .......... .......... .......... .......... .......... 99% 29.7M 0s
   65400K .......... .......... .......... .......... .......... 99% 44.7M 0s
   65450K .......... .......... .......... .......... .......... 99% 63.6M 0s
   65500K .......... .......... .......... .......... .......... 99% 63.1M 0s
   65550K .......... .......... .......... .......... .......... 99% 64.4M 0s
   65600K .......... .......... .......... .......... .......... 99% 55.9M 0s
   65650K .......... .......... .......... .......... .......... 99% 64.1M 0s
   65700K .......... .......... .......... .......... .......... 99% 63.6M 0s
   65750K .......... .......... .......... .......... .......... 99% 62.3M 0s
   65800K .......... .......... .......... .......... .......... 99% 7.97M 0s
   65850K .......... .......... .......... .......... .......... 99% 56.5M 0s
   65900K .......... .......... .......... .......... .......... 99%  115M 0s
   65950K .......... .......... .......... .......... .......... 99%  230M 0s
   66000K .......... ..                                         100%  153M=3.2s
  
  2024-05-30 14:18:11 (20.2 MB/s) - 'ncbi_16s_18s_28s_ITS.fna' saved [67596916/67596916]
  
  --2024-05-30 14:18:11--  https://ont-exd-int-s3-euwst1-epi2me-labs.s3.amazonaws.com/wf-metagenomics/ncbi_16s_18s_28s_ITS/ref2taxid.ncbi_16s_18s_28s_ITS.tsv
  Resolving ont-exd-int-s3-euwst1-epi2me-labs.s3.amazonaws.com (ont-exd-int-s3-euwst1-epi2me-labs.s3.amazonaws.com)... 52.218.120.153, 52.218.56.242, 52.92.33.121, ...
  Connecting to ont-exd-int-s3-euwst1-epi2me-labs.s3.amazonaws.com (ont-exd-int-s3-euwst1-epi2me-labs.s3.amazonaws.com)|52.218.120.153|:443... connected.
  HTTP request sent, awaiting response... 200 OK
  Length: 1068210 (1.0M) [text/tab-separated-values]
  Saving to: 'ref2taxid.ncbi_16s_18s_28s_ITS.tsv'
  
       0K .......... .......... .......... .......... ..........  4%  488K 2s
      50K .......... .......... .......... .......... ..........  9%  244K 3s
     100K .......... .......... .......... .......... .......... 14%  489K 2s
     150K .......... .......... .......... .......... .......... 19%  487K 2s
     200K .......... .......... .......... .......... .......... 23%  487K 2s
     250K .......... .......... .......... .......... .......... 28% 75.5M 2s
     300K .......... .......... .......... .......... .......... 33%  488K 1s
     350K .......... .......... .......... .......... .......... 38%  489K 1s
     400K .......... .......... .......... .......... .......... 43% 82.3M 1s
     450K .......... .......... .......... .......... .......... 47%  482K 1s
     500K .......... .......... .......... .......... .......... 52%  490K 1s
     550K .......... .......... .......... .......... .......... 57% 26.1M 1s
     600K .......... .......... .......... .......... .......... 62%  491K 1s
     650K .......... .......... .......... .......... .......... 67%  491K 1s
     700K .......... .......... .......... .......... .......... 71% 43.7M 0s
     750K .......... .......... .......... .......... .......... 76%  489K 0s
     800K .......... .......... .......... .......... .......... 81% 1.24M 0s
     850K .......... .......... .......... .......... .......... 86%  778K 0s
     900K .......... .......... .......... .......... .......... 91% 1.25M 0s
     950K .......... .......... .......... .......... .......... 95%  776K 0s
    1000K .......... .......... .......... .......... ...       100%  426K=1.6s
  
  2024-05-30 14:18:13 (635 KB/s) - 'ref2taxid.ncbi_16s_18s_28s_ITS.tsv' saved [1068210/1068210]

Work dir:
  /work/yk132/CAFO_Nanopore_work/nf_working/7f/5d2fb51cf527e229e57a29078258b8

Tip: you can replicate the issue by changing to the process work dir and entering the command `bash .command.run`

 -- Check '.nextflow.log' file for details

executor >  slurm (6)
[c3/95b64d] process > fastcat (1)                    [100%] 1 of 1 ✔
[76/cd8847] process > prepare_databases:download_... [  0%] 0 of 1
[7f/5d2fb5] process > prepare_databases:download_... [100%] 1 of 1, failed: 1 ✘
[e9/a9d168] process > minimap_pipeline:run_common... [  0%] 0 of 1
[da/90c8dd] process > minimap_pipeline:run_common... [100%] 1 of 1 ✔
[-        ] process > minimap_pipeline:minimap       -
[-        ] process > minimap_pipeline:createAbun... -
[-        ] process > minimap_pipeline:makeReport    -
[94/12ea33] process > minimap_pipeline:output_res... [  0%] 0 of 1
ERROR ~ Error executing process > 'prepare_databases:download_reference_ref2taxid'

Caused by:
  Missing output file(s) `ncbi_16s_18s_28s_ITS_db/ncbi_16s_18s_28s_ITS.fna` expected by process `prepare_databases:download_reference_ref2taxid`

Command executed:

  wget 'https://ont-exd-int-s3-euwst1-epi2me-labs.s3.amazonaws.com/wf-metagenomics/ncbi_16s_18s_28s_ITS/ncbi_16s_18s_28s_ITS.fna'
  wget 'https://ont-exd-int-s3-euwst1-epi2me-labs.s3.amazonaws.com/wf-metagenomics/ncbi_16s_18s_28s_ITS/ref2taxid.ncbi_16s_18s_28s_ITS.tsv'
  mkdir ncbi_16s_18s_28s_ITS_db
  mv "ncbi_16s_18s_28s_ITS.fna" ncbi_16s_18s_28s_ITS_db/
  mv "ref2taxid.ncbi_16s_18s_28s_ITS.tsv" ncbi_16s_18s_28s_ITS_db/

Command exit status:
  0

Command output:
  (empty)

Command error:
   65250K .......... .......... .......... .......... .......... 98% 3.66M 0s
   65300K .......... .......... .......... .......... .......... 98% 29.1M 0s
   65350K .......... .......... .......... .......... .......... 99% 29.7M 0s
   65400K .......... .......... .......... .......... .......... 99% 44.7M 0s
   65450K .......... .......... .......... .......... .......... 99% 63.6M 0s
   65500K .......... .......... .......... .......... .......... 99% 63.1M 0s
   65550K .......... .......... .......... .......... .......... 99% 64.4M 0s
   65600K .......... .......... .......... .......... .......... 99% 55.9M 0s
   65650K .......... .......... .......... .......... .......... 99% 64.1M 0s
   65700K .......... .......... .......... .......... .......... 99% 63.6M 0s
   65750K .......... .......... .......... .......... .......... 99% 62.3M 0s
   65800K .......... .......... .......... .......... .......... 99% 7.97M 0s
   65850K .......... .......... .......... .......... .......... 99% 56.5M 0s
   65900K .......... .......... .......... .......... .......... 99%  115M 0s
   65950K .......... .......... .......... .......... .......... 99%  230M 0s
   66000K .......... ..                                         100%  153M=3.2s
  
  2024-05-30 14:18:11 (20.2 MB/s) - 'ncbi_16s_18s_28s_ITS.fna' saved [67596916/67596916]
  
  --2024-05-30 14:18:11--  https://ont-exd-int-s3-euwst1-epi2me-labs.s3.amazonaws.com/wf-metagenomics/ncbi_16s_18s_28s_ITS/ref2taxid.ncbi_16s_18s_28s_ITS.tsv
  Resolving ont-exd-int-s3-euwst1-epi2me-labs.s3.amazonaws.com (ont-exd-int-s3-euwst1-epi2me-labs.s3.amazonaws.com)... 52.218.120.153, 52.218.56.242, 52.92.33.121, ...
  Connecting to ont-exd-int-s3-euwst1-epi2me-labs.s3.amazonaws.com (ont-exd-int-s3-euwst1-epi2me-labs.s3.amazonaws.com)|52.218.120.153|:443... connected.
  HTTP request sent, awaiting response... 200 OK
  Length: 1068210 (1.0M) [text/tab-separated-values]
  Saving to: 'ref2taxid.ncbi_16s_18s_28s_ITS.tsv'
  
       0K .......... .......... .......... .......... ..........  4%  488K 2s
      50K .......... .......... .......... .......... ..........  9%  244K 3s
     100K .......... .......... .......... .......... .......... 14%  489K 2s
     150K .......... .......... .......... .......... .......... 19%  487K 2s
     200K .......... .......... .......... .......... .......... 23%  487K 2s
     250K .......... .......... .......... .......... .......... 28% 75.5M 2s
     300K .......... .......... .......... .......... .......... 33%  488K 1s
     350K .......... .......... .......... .......... .......... 38%  489K 1s
     400K .......... .......... .......... .......... .......... 43% 82.3M 1s
     450K .......... .......... .......... .......... .......... 47%  482K 1s
     500K .......... .......... .......... .......... .......... 52%  490K 1s
     550K .......... .......... .......... .......... .......... 57% 26.1M 1s
     600K .......... .......... .......... .......... .......... 62%  491K 1s
     650K .......... .......... .......... .......... .......... 67%  491K 1s
     700K .......... .......... .......... .......... .......... 71% 43.7M 0s
     750K .......... .......... .......... .......... .......... 76%  489K 0s
     800K .......... .......... .......... .......... .......... 81% 1.24M 0s
     850K .......... .......... .......... .......... .......... 86%  778K 0s
     900K .......... .......... .......... .......... .......... 91% 1.25M 0s
     950K .......... .......... .......... .......... .......... 95%  776K 0s
    1000K .......... .......... .......... .......... ...       100%  426K=1.6s
  
  2024-05-30 14:18:13 (635 KB/s) - 'ref2taxid.ncbi_16s_18s_28s_ITS.tsv' saved [1068210/1068210]

Work dir:
  /work/yk132/CAFO_Nanopore_work/nf_working/7f/5d2fb51cf527e229e57a29078258b8

Tip: you can replicate the issue by changing to the process work dir and entering the command `bash .command.run`

 -- Check '.nextflow.log' file for details

executor >  slurm (6)
[c3/95b64d] process > fastcat (1)                    [100%] 1 of 1 ✔
[76/cd8847] process > prepare_databases:download_... [  0%] 0 of 1 ✔
[7f/5d2fb5] process > prepare_databases:download_... [100%] 1 of 1, failed: 1 ✘
[e9/a9d168] process > minimap_pipeline:run_common... [100%] 1 of 1 ✔
[da/90c8dd] process > minimap_pipeline:run_common... [100%] 1 of 1 ✔
[-        ] process > minimap_pipeline:minimap       -
[-        ] process > minimap_pipeline:createAbun... -
[-        ] process > minimap_pipeline:makeReport    -
[94/12ea33] process > minimap_pipeline:output_res... [  0%] 0 of 1
ERROR ~ Error executing process > 'prepare_databases:download_reference_ref2taxid'

Caused by:
  Missing output file(s) `ncbi_16s_18s_28s_ITS_db/ncbi_16s_18s_28s_ITS.fna` expected by process `prepare_databases:download_reference_ref2taxid`

Command executed:

  wget 'https://ont-exd-int-s3-euwst1-epi2me-labs.s3.amazonaws.com/wf-metagenomics/ncbi_16s_18s_28s_ITS/ncbi_16s_18s_28s_ITS.fna'
  wget 'https://ont-exd-int-s3-euwst1-epi2me-labs.s3.amazonaws.com/wf-metagenomics/ncbi_16s_18s_28s_ITS/ref2taxid.ncbi_16s_18s_28s_ITS.tsv'
  mkdir ncbi_16s_18s_28s_ITS_db
  mv "ncbi_16s_18s_28s_ITS.fna" ncbi_16s_18s_28s_ITS_db/
  mv "ref2taxid.ncbi_16s_18s_28s_ITS.tsv" ncbi_16s_18s_28s_ITS_db/

Command exit status:
  0

Command output:
  (empty)

Command error:
   65250K .......... .......... .......... .......... .......... 98% 3.66M 0s
   65300K .......... .......... .......... .......... .......... 98% 29.1M 0s
   65350K .......... .......... .......... .......... .......... 99% 29.7M 0s
   65400K .......... .......... .......... .......... .......... 99% 44.7M 0s
   65450K .......... .......... .......... .......... .......... 99% 63.6M 0s
   65500K .......... .......... .......... .......... .......... 99% 63.1M 0s
   65550K .......... .......... .......... .......... .......... 99% 64.4M 0s
   65600K .......... .......... .......... .......... .......... 99% 55.9M 0s
   65650K .......... .......... .......... .......... .......... 99% 64.1M 0s
   65700K .......... .......... .......... .......... .......... 99% 63.6M 0s
   65750K .......... .......... .......... .......... .......... 99% 62.3M 0s
   65800K .......... .......... .......... .......... .......... 99% 7.97M 0s
   65850K .......... .......... .......... .......... .......... 99% 56.5M 0s
   65900K .......... .......... .......... .......... .......... 99%  115M 0s
   65950K .......... .......... .......... .......... .......... 99%  230M 0s
   66000K .......... ..                                         100%  153M=3.2s
  
  2024-05-30 14:18:11 (20.2 MB/s) - 'ncbi_16s_18s_28s_ITS.fna' saved [67596916/67596916]
  
  --2024-05-30 14:18:11--  https://ont-exd-int-s3-euwst1-epi2me-labs.s3.amazonaws.com/wf-metagenomics/ncbi_16s_18s_28s_ITS/ref2taxid.ncbi_16s_18s_28s_ITS.tsv
  Resolving ont-exd-int-s3-euwst1-epi2me-labs.s3.amazonaws.com (ont-exd-int-s3-euwst1-epi2me-labs.s3.amazonaws.com)... 52.218.120.153, 52.218.56.242, 52.92.33.121, ...
  Connecting to ont-exd-int-s3-euwst1-epi2me-labs.s3.amazonaws.com (ont-exd-int-s3-euwst1-epi2me-labs.s3.amazonaws.com)|52.218.120.153|:443... connected.
  HTTP request sent, awaiting response... 200 OK
  Length: 1068210 (1.0M) [text/tab-separated-values]
  Saving to: 'ref2taxid.ncbi_16s_18s_28s_ITS.tsv'
  
       0K .......... .......... .......... .......... ..........  4%  488K 2s
      50K .......... .......... .......... .......... ..........  9%  244K 3s
     100K .......... .......... .......... .......... .......... 14%  489K 2s
     150K .......... .......... .......... .......... .......... 19%  487K 2s
     200K .......... .......... .......... .......... .......... 23%  487K 2s
     250K .......... .......... .......... .......... .......... 28% 75.5M 2s
     300K .......... .......... .......... .......... .......... 33%  488K 1s
     350K .......... .......... .......... .......... .......... 38%  489K 1s
     400K .......... .......... .......... .......... .......... 43% 82.3M 1s
     450K .......... .......... .......... .......... .......... 47%  482K 1s
     500K .......... .......... .......... .......... .......... 52%  490K 1s
     550K .......... .......... .......... .......... .......... 57% 26.1M 1s
     600K .......... .......... .......... .......... .......... 62%  491K 1s
     650K .......... .......... .......... .......... .......... 67%  491K 1s
     700K .......... .......... .......... .......... .......... 71% 43.7M 0s
     750K .......... .......... .......... .......... .......... 76%  489K 0s
     800K .......... .......... .......... .......... .......... 81% 1.24M 0s
     850K .......... .......... .......... .......... .......... 86%  778K 0s
     900K .......... .......... .......... .......... .......... 91% 1.25M 0s
     950K .......... .......... .......... .......... .......... 95%  776K 0s
    1000K .......... .......... .......... .......... ...       100%  426K=1.6s
  
  2024-05-30 14:18:13 (635 KB/s) - 'ref2taxid.ncbi_16s_18s_28s_ITS.tsv' saved [1068210/1068210]

Work dir:
  /work/yk132/CAFO_Nanopore_work/nf_working/7f/5d2fb51cf527e229e57a29078258b8

Tip: you can replicate the issue by changing to the process work dir and entering the command `bash .command.run`

 -- Check '.nextflow.log' file for details
WARN: Killing running tasks (1)

