INFO:    Environment variable SINGULARITY_TMPDIR is set, but APPTAINER_TMPDIR is preferred
INFO:    Using cached SIF image
usage: flye (--pacbio-raw | --pacbio-corr | --pacbio-hifi | --nano-raw |
	     --nano-corr | --nano-hq ) file1 [file_2 ...]
	     --out-dir PATH

	     [--genome-size SIZE] [--threads int] [--iterations int]
	     [--meta] [--polish-target] [--min-overlap SIZE]
	     [--keep-haplotypes] [--debug] [--version] [--help] 
	     [--scaffold] [--resume] [--resume-from] [--stop-after] 
	     [--read-error float] [--extra-params] 
	     [--deterministic]
flye: error: --asm-coverage option requires genome size estimate (--genome-size)
INFO:    Environment variable SINGULARITY_TMPDIR is set, but APPTAINER_TMPDIR is preferred
INFO:    Using cached SIF image
usage: flye (--pacbio-raw | --pacbio-corr | --pacbio-hifi | --nano-raw |
	     --nano-corr | --nano-hq ) file1 [file_2 ...]
	     --out-dir PATH

	     [--genome-size SIZE] [--threads int] [--iterations int]
	     [--meta] [--polish-target] [--min-overlap SIZE]
	     [--keep-haplotypes] [--debug] [--version] [--help] 
	     [--scaffold] [--resume] [--resume-from] [--stop-after] 
	     [--read-error float] [--extra-params] 
	     [--deterministic]
flye: error: --asm-coverage option requires genome size estimate (--genome-size)
INFO:    Environment variable SINGULARITY_TMPDIR is set, but APPTAINER_TMPDIR is preferred
INFO:    Using cached SIF image
usage: flye (--pacbio-raw | --pacbio-corr | --pacbio-hifi | --nano-raw |
	     --nano-corr | --nano-hq ) file1 [file_2 ...]
	     --out-dir PATH

	     [--genome-size SIZE] [--threads int] [--iterations int]
	     [--meta] [--polish-target] [--min-overlap SIZE]
	     [--keep-haplotypes] [--debug] [--version] [--help] 
	     [--scaffold] [--resume] [--resume-from] [--stop-after] 
	     [--read-error float] [--extra-params] 
	     [--deterministic]
flye: error: --asm-coverage option requires genome size estimate (--genome-size)
INFO:    Environment variable SINGULARITY_TMPDIR is set, but APPTAINER_TMPDIR is preferred
INFO:    Using cached SIF image
