/hpc/home/yk132/storage/data/CAFO_FarmDust_PromethION/CAFO_FarmDust//CAFO_PromethION_output/Job2_flye_res/FarmA/assembly.fasta
/hpc/home/yk132/storage/data/CAFO_FarmDust_PromethION/CAFO_FarmDust//CAFO_PromethION_output/Job2_flye_res/FarmC/assembly.fasta
/hpc/home/yk132/storage/data/CAFO_FarmDust_PromethION/CAFO_FarmDust//CAFO_PromethION_output/Job2_flye_res/Blank/assembly.fasta
/hpc/home/yk132/storage/data/CAFO_FarmDust_PromethION/CAFO_FarmDust//CAFO_PromethION_output/Job2_flye_res/Unclassified/assembly.fasta
/quast-5.2.0/metaquast.py /hpc/home/yk132/storage/data/CAFO_FarmDust_PromethION/CAFO_FarmDust//CAFO_PromethION_output/Job2_flye_res/FarmA/assembly.fasta -t 16 -o /hpc/home/yk132/storage/data/CAFO_FarmDust_PromethION/CAFO_FarmDust//CAFO_PromethION_output/Job3_quast/Farm_A

Version: 5.2.0

System information:
  OS: Linux-5.14.0-362.8.1.el9_3.x86_64-x86_64-with-Ubuntu-20.04-focal (linux_64)
  Python version: 2.7.18
  CPUs number: 86

Started: 2024-05-31 12:51:28

Logging to /hpc/home/yk132/storage/data/CAFO_FarmDust_PromethION/CAFO_FarmDust/CAFO_PromethION_output/Job3_quast/Farm_A/metaquast.log

Contigs:
  Pre-processing...
  /hpc/home/yk132/storage/data/CAFO_FarmDust_PromethION/CAFO_FarmDust//CAFO_PromethION_output/Job2_flye_res/FarmA/assembly.fasta ==> assembly

No references are provided, starting to search for reference genomes in SILVA 16S rRNA database and to download them from NCBI...

2024-05-31 12:51:31
Running BlastN..
  processing assembly
  BLAST results for assembly are saved to /hpc/home/yk132/storage/data/CAFO_FarmDust_PromethION/CAFO_FarmDust/CAFO_PromethION_output/Job3_quast/Farm_A/quast_downloaded_references/blast.res_assembly...

Reference genomes are not found.

NOTICE: No references are provided, starting regular QUAST with MetaGeneMark gene finder
/quast-5.2.0/quast.py -t 16 --min-identity 90.0 /hpc/home/yk132/storage/data/CAFO_FarmDust_PromethION/CAFO_FarmDust//CAFO_PromethION_output/Job2_flye_res/FarmA/assembly.fasta -o /hpc/home/yk132/storage/data/CAFO_FarmDust_PromethION/CAFO_FarmDust/CAFO_PromethION_output/Job3_quast/Farm_A --labels assembly

Version: 5.2.0

System information:
  OS: Linux-5.14.0-362.8.1.el9_3.x86_64-x86_64-with-Ubuntu-20.04-focal (linux_64)
  Python version: 2.7.18
  CPUs number: 86

Started: 2024-05-31 12:51:39

Logging to /hpc/home/yk132/storage/data/CAFO_FarmDust_PromethION/CAFO_FarmDust/CAFO_PromethION_output/Job3_quast/Farm_A/quast.log
NOTICE: Output directory already exists and looks like a QUAST output dir. Existing results can be reused (e.g. previously generated alignments)!

CWD: /hpc/group/gunschlab/yk132/storage/CAFO_FarmDust_PromethION
Main parameters: 
  MODE: meta, threads: 16, min contig length: 500, min alignment length: 65, min alignment IDY: 90.0, \
  ambiguity: one, min local misassembly length: 200, min extensive misassembly length: 1000

Contigs:
  Pre-processing...
  /hpc/home/yk132/storage/data/CAFO_FarmDust_PromethION/CAFO_FarmDust//CAFO_PromethION_output/Job2_flye_res/FarmA/assembly.fasta ==> assembly

2024-05-31 12:51:39
Running Basic statistics processor...
  Contig files: 
    assembly
  Calculating N50 and L50...
    assembly, N50 = 37843, L50 = 11, auN = 56617.3, Total length = 1404526, GC % = 52.33, # N's per 100 kbp =  0.00
  Drawing Nx plot...
    saved to /hpc/home/yk132/storage/data/CAFO_FarmDust_PromethION/CAFO_FarmDust/CAFO_PromethION_output/Job3_quast/Farm_A/basic_stats/Nx_plot.pdf
  Drawing cumulative plot...
    saved to /hpc/home/yk132/storage/data/CAFO_FarmDust_PromethION/CAFO_FarmDust/CAFO_PromethION_output/Job3_quast/Farm_A/basic_stats/cumulative_plot.pdf
  Drawing GC content plot...
    saved to /hpc/home/yk132/storage/data/CAFO_FarmDust_PromethION/CAFO_FarmDust/CAFO_PromethION_output/Job3_quast/Farm_A/basic_stats/GC_content_plot.pdf
  Drawing assembly GC content plot...
    saved to /hpc/home/yk132/storage/data/CAFO_FarmDust_PromethION/CAFO_FarmDust/CAFO_PromethION_output/Job3_quast/Farm_A/basic_stats/assembly_GC_content_plot.pdf
Done.

NOTICE: Genes are not predicted by default. Use --gene-finding or --glimmer option to enable it.

2024-05-31 12:51:40
Creating large visual summaries...
This may take a while: press Ctrl-C to skip this step..
  1 of 2: Creating PDF with all tables and plots...
  2 of 2: Creating Icarus viewers...
Done

2024-05-31 12:51:40
RESULTS:
  Text versions of total report are saved to /hpc/home/yk132/storage/data/CAFO_FarmDust_PromethION/CAFO_FarmDust/CAFO_PromethION_output/Job3_quast/Farm_A/report.txt, report.tsv, and report.tex
  Text versions of transposed total report are saved to /hpc/home/yk132/storage/data/CAFO_FarmDust_PromethION/CAFO_FarmDust/CAFO_PromethION_output/Job3_quast/Farm_A/transposed_report.txt, transposed_report.tsv, and transposed_report.tex
  HTML version (interactive tables and plots) is saved to /hpc/home/yk132/storage/data/CAFO_FarmDust_PromethION/CAFO_FarmDust/CAFO_PromethION_output/Job3_quast/Farm_A/report.html
  PDF version (tables and plots) is saved to /hpc/home/yk132/storage/data/CAFO_FarmDust_PromethION/CAFO_FarmDust/CAFO_PromethION_output/Job3_quast/Farm_A/report.pdf
  Icarus (contig browser) is saved to /hpc/home/yk132/storage/data/CAFO_FarmDust_PromethION/CAFO_FarmDust/CAFO_PromethION_output/Job3_quast/Farm_A/icarus.html
  Log is saved to /hpc/home/yk132/storage/data/CAFO_FarmDust_PromethION/CAFO_FarmDust/CAFO_PromethION_output/Job3_quast/Farm_A/quast.log

Finished: 2024-05-31 12:51:40
Elapsed time: 0:00:01.620064
NOTICEs: 2; WARNINGs: 0; non-fatal ERRORs: 0

Thank you for using QUAST!
/quast-5.2.0/metaquast.py /hpc/home/yk132/storage/data/CAFO_FarmDust_PromethION/CAFO_FarmDust//CAFO_PromethION_output/Job2_flye_res/FarmC/assembly.fasta -t 16 -o /hpc/home/yk132/storage/data/CAFO_FarmDust_PromethION/CAFO_FarmDust//CAFO_PromethION_output/Job3_quast/Farm_C

Version: 5.2.0

System information:
  OS: Linux-5.14.0-362.8.1.el9_3.x86_64-x86_64-with-Ubuntu-20.04-focal (linux_64)
  Python version: 2.7.18
  CPUs number: 86

Started: 2024-05-31 12:51:41

Logging to /hpc/home/yk132/storage/data/CAFO_FarmDust_PromethION/CAFO_FarmDust/CAFO_PromethION_output/Job3_quast/Farm_C/metaquast.log

Contigs:
  Pre-processing...
  /hpc/home/yk132/storage/data/CAFO_FarmDust_PromethION/CAFO_FarmDust//CAFO_PromethION_output/Job2_flye_res/FarmC/assembly.fasta ==> assembly

No references are provided, starting to search for reference genomes in SILVA 16S rRNA database and to download them from NCBI...

2024-05-31 12:51:42
Running BlastN..
  processing assembly
  BLAST results for assembly are saved to /hpc/home/yk132/storage/data/CAFO_FarmDust_PromethION/CAFO_FarmDust/CAFO_PromethION_output/Job3_quast/Farm_C/quast_downloaded_references/blast.res_assembly...

Reference genomes are not found.

NOTICE: No references are provided, starting regular QUAST with MetaGeneMark gene finder
/quast-5.2.0/quast.py -t 16 --min-identity 90.0 /hpc/home/yk132/storage/data/CAFO_FarmDust_PromethION/CAFO_FarmDust//CAFO_PromethION_output/Job2_flye_res/FarmC/assembly.fasta -o /hpc/home/yk132/storage/data/CAFO_FarmDust_PromethION/CAFO_FarmDust/CAFO_PromethION_output/Job3_quast/Farm_C --labels assembly

Version: 5.2.0

System information:
  OS: Linux-5.14.0-362.8.1.el9_3.x86_64-x86_64-with-Ubuntu-20.04-focal (linux_64)
  Python version: 2.7.18
  CPUs number: 86

Started: 2024-05-31 12:51:46

Logging to /hpc/home/yk132/storage/data/CAFO_FarmDust_PromethION/CAFO_FarmDust/CAFO_PromethION_output/Job3_quast/Farm_C/quast.log
NOTICE: Output directory already exists and looks like a QUAST output dir. Existing results can be reused (e.g. previously generated alignments)!

CWD: /hpc/group/gunschlab/yk132/storage/CAFO_FarmDust_PromethION
Main parameters: 
  MODE: meta, threads: 16, min contig length: 500, min alignment length: 65, min alignment IDY: 90.0, \
  ambiguity: one, min local misassembly length: 200, min extensive misassembly length: 1000

Contigs:
  Pre-processing...
  /hpc/home/yk132/storage/data/CAFO_FarmDust_PromethION/CAFO_FarmDust//CAFO_PromethION_output/Job2_flye_res/FarmC/assembly.fasta ==> assembly

2024-05-31 12:51:46
Running Basic statistics processor...
  Contig files: 
    assembly
  Calculating N50 and L50...
    assembly, N50 = 45179, L50 = 8, auN = 50396.1, Total length = 1042304, GC % = 60.44, # N's per 100 kbp =  0.00
  Drawing Nx plot...
    saved to /hpc/home/yk132/storage/data/CAFO_FarmDust_PromethION/CAFO_FarmDust/CAFO_PromethION_output/Job3_quast/Farm_C/basic_stats/Nx_plot.pdf
  Drawing cumulative plot...
    saved to /hpc/home/yk132/storage/data/CAFO_FarmDust_PromethION/CAFO_FarmDust/CAFO_PromethION_output/Job3_quast/Farm_C/basic_stats/cumulative_plot.pdf
  Drawing GC content plot...
    saved to /hpc/home/yk132/storage/data/CAFO_FarmDust_PromethION/CAFO_FarmDust/CAFO_PromethION_output/Job3_quast/Farm_C/basic_stats/GC_content_plot.pdf
  Drawing assembly GC content plot...
    saved to /hpc/home/yk132/storage/data/CAFO_FarmDust_PromethION/CAFO_FarmDust/CAFO_PromethION_output/Job3_quast/Farm_C/basic_stats/assembly_GC_content_plot.pdf
Done.

NOTICE: Genes are not predicted by default. Use --gene-finding or --glimmer option to enable it.

2024-05-31 12:51:46
Creating large visual summaries...
This may take a while: press Ctrl-C to skip this step..
  1 of 2: Creating PDF with all tables and plots...
  2 of 2: Creating Icarus viewers...
Done

2024-05-31 12:51:47
RESULTS:
  Text versions of total report are saved to /hpc/home/yk132/storage/data/CAFO_FarmDust_PromethION/CAFO_FarmDust/CAFO_PromethION_output/Job3_quast/Farm_C/report.txt, report.tsv, and report.tex
  Text versions of transposed total report are saved to /hpc/home/yk132/storage/data/CAFO_FarmDust_PromethION/CAFO_FarmDust/CAFO_PromethION_output/Job3_quast/Farm_C/transposed_report.txt, transposed_report.tsv, and transposed_report.tex
  HTML version (interactive tables and plots) is saved to /hpc/home/yk132/storage/data/CAFO_FarmDust_PromethION/CAFO_FarmDust/CAFO_PromethION_output/Job3_quast/Farm_C/report.html
  PDF version (tables and plots) is saved to /hpc/home/yk132/storage/data/CAFO_FarmDust_PromethION/CAFO_FarmDust/CAFO_PromethION_output/Job3_quast/Farm_C/report.pdf
  Icarus (contig browser) is saved to /hpc/home/yk132/storage/data/CAFO_FarmDust_PromethION/CAFO_FarmDust/CAFO_PromethION_output/Job3_quast/Farm_C/icarus.html
  Log is saved to /hpc/home/yk132/storage/data/CAFO_FarmDust_PromethION/CAFO_FarmDust/CAFO_PromethION_output/Job3_quast/Farm_C/quast.log

Finished: 2024-05-31 12:51:47
Elapsed time: 0:00:01.481610
NOTICEs: 2; WARNINGs: 0; non-fatal ERRORs: 0

Thank you for using QUAST!
/quast-5.2.0/metaquast.py /hpc/home/yk132/storage/data/CAFO_FarmDust_PromethION/CAFO_FarmDust//CAFO_PromethION_output/Job2_flye_res/Blank/assembly.fasta -t 16 -o /hpc/home/yk132/storage/data/CAFO_FarmDust_PromethION/CAFO_FarmDust//CAFO_PromethION_output/Job3_quast/Blank

Version: 5.2.0

System information:
  OS: Linux-5.14.0-362.8.1.el9_3.x86_64-x86_64-with-Ubuntu-20.04-focal (linux_64)
  Python version: 2.7.18
  CPUs number: 86

Started: 2024-05-31 12:51:48

Logging to /hpc/home/yk132/storage/data/CAFO_FarmDust_PromethION/CAFO_FarmDust/CAFO_PromethION_output/Job3_quast/Blank/metaquast.log

Contigs:
  Pre-processing...
  /hpc/home/yk132/storage/data/CAFO_FarmDust_PromethION/CAFO_FarmDust//CAFO_PromethION_output/Job2_flye_res/Blank/assembly.fasta ==> assembly

No references are provided, starting to search for reference genomes in SILVA 16S rRNA database and to download them from NCBI...

2024-05-31 12:51:49
Running BlastN..
  processing assembly
  BLAST results for assembly are saved to /hpc/home/yk132/storage/data/CAFO_FarmDust_PromethION/CAFO_FarmDust/CAFO_PromethION_output/Job3_quast/Blank/quast_downloaded_references/blast.res_assembly...

Reference genomes are not found.

NOTICE: No references are provided, starting regular QUAST with MetaGeneMark gene finder
/quast-5.2.0/quast.py -t 16 --min-identity 90.0 /hpc/home/yk132/storage/data/CAFO_FarmDust_PromethION/CAFO_FarmDust//CAFO_PromethION_output/Job2_flye_res/Blank/assembly.fasta -o /hpc/home/yk132/storage/data/CAFO_FarmDust_PromethION/CAFO_FarmDust/CAFO_PromethION_output/Job3_quast/Blank --labels assembly

Version: 5.2.0

System information:
  OS: Linux-5.14.0-362.8.1.el9_3.x86_64-x86_64-with-Ubuntu-20.04-focal (linux_64)
  Python version: 2.7.18
  CPUs number: 86

Started: 2024-05-31 12:51:51

Logging to /hpc/home/yk132/storage/data/CAFO_FarmDust_PromethION/CAFO_FarmDust/CAFO_PromethION_output/Job3_quast/Blank/quast.log
NOTICE: Output directory already exists and looks like a QUAST output dir. Existing results can be reused (e.g. previously generated alignments)!

CWD: /hpc/group/gunschlab/yk132/storage/CAFO_FarmDust_PromethION
Main parameters: 
  MODE: meta, threads: 16, min contig length: 500, min alignment length: 65, min alignment IDY: 90.0, \
  ambiguity: one, min local misassembly length: 200, min extensive misassembly length: 1000

Contigs:
  Pre-processing...
  /hpc/home/yk132/storage/data/CAFO_FarmDust_PromethION/CAFO_FarmDust//CAFO_PromethION_output/Job2_flye_res/Blank/assembly.fasta ==> assembly

2024-05-31 12:51:51
Running Basic statistics processor...
  Contig files: 
    assembly
  Calculating N50 and L50...
    assembly, N50 = 46118, L50 = 5, auN = 49071.7, Total length = 744252, GC % = 59.59, # N's per 100 kbp =  0.00
  Drawing Nx plot...
    saved to /hpc/home/yk132/storage/data/CAFO_FarmDust_PromethION/CAFO_FarmDust/CAFO_PromethION_output/Job3_quast/Blank/basic_stats/Nx_plot.pdf
  Drawing cumulative plot...
    saved to /hpc/home/yk132/storage/data/CAFO_FarmDust_PromethION/CAFO_FarmDust/CAFO_PromethION_output/Job3_quast/Blank/basic_stats/cumulative_plot.pdf
  Drawing GC content plot...
    saved to /hpc/home/yk132/storage/data/CAFO_FarmDust_PromethION/CAFO_FarmDust/CAFO_PromethION_output/Job3_quast/Blank/basic_stats/GC_content_plot.pdf
  Drawing assembly GC content plot...
    saved to /hpc/home/yk132/storage/data/CAFO_FarmDust_PromethION/CAFO_FarmDust/CAFO_PromethION_output/Job3_quast/Blank/basic_stats/assembly_GC_content_plot.pdf
Done.

NOTICE: Genes are not predicted by default. Use --gene-finding or --glimmer option to enable it.

2024-05-31 12:51:52
Creating large visual summaries...
This may take a while: press Ctrl-C to skip this step..
  1 of 2: Creating PDF with all tables and plots...
  2 of 2: Creating Icarus viewers...
Done

2024-05-31 12:51:52
RESULTS:
  Text versions of total report are saved to /hpc/home/yk132/storage/data/CAFO_FarmDust_PromethION/CAFO_FarmDust/CAFO_PromethION_output/Job3_quast/Blank/report.txt, report.tsv, and report.tex
  Text versions of transposed total report are saved to /hpc/home/yk132/storage/data/CAFO_FarmDust_PromethION/CAFO_FarmDust/CAFO_PromethION_output/Job3_quast/Blank/transposed_report.txt, transposed_report.tsv, and transposed_report.tex
  HTML version (interactive tables and plots) is saved to /hpc/home/yk132/storage/data/CAFO_FarmDust_PromethION/CAFO_FarmDust/CAFO_PromethION_output/Job3_quast/Blank/report.html
  PDF version (tables and plots) is saved to /hpc/home/yk132/storage/data/CAFO_FarmDust_PromethION/CAFO_FarmDust/CAFO_PromethION_output/Job3_quast/Blank/report.pdf
  Icarus (contig browser) is saved to /hpc/home/yk132/storage/data/CAFO_FarmDust_PromethION/CAFO_FarmDust/CAFO_PromethION_output/Job3_quast/Blank/icarus.html
  Log is saved to /hpc/home/yk132/storage/data/CAFO_FarmDust_PromethION/CAFO_FarmDust/CAFO_PromethION_output/Job3_quast/Blank/quast.log

Finished: 2024-05-31 12:51:52
Elapsed time: 0:00:01.125940
NOTICEs: 2; WARNINGs: 0; non-fatal ERRORs: 0

Thank you for using QUAST!
/quast-5.2.0/metaquast.py /hpc/home/yk132/storage/data/CAFO_FarmDust_PromethION/CAFO_FarmDust//CAFO_PromethION_output/Job2_flye_res/Unclassified/assembly.fasta -t 16 -o /hpc/home/yk132/storage/data/CAFO_FarmDust_PromethION/CAFO_FarmDust//CAFO_PromethION_output/Job3_quast/Unclassified

Version: 5.2.0

System information:
  OS: Linux-5.14.0-362.8.1.el9_3.x86_64-x86_64-with-Ubuntu-20.04-focal (linux_64)
  Python version: 2.7.18
  CPUs number: 86

Started: 2024-05-31 12:51:53

Logging to /hpc/home/yk132/storage/data/CAFO_FarmDust_PromethION/CAFO_FarmDust/CAFO_PromethION_output/Job3_quast/Unclassified/metaquast.log

Contigs:
  Pre-processing...
  /hpc/home/yk132/storage/data/CAFO_FarmDust_PromethION/CAFO_FarmDust//CAFO_PromethION_output/Job2_flye_res/Unclassified/assembly.fasta ==> assembly

No references are provided, starting to search for reference genomes in SILVA 16S rRNA database and to download them from NCBI...

2024-05-31 12:51:56
Running BlastN..
  processing assembly
  BLAST results for assembly are saved to /hpc/home/yk132/storage/data/CAFO_FarmDust_PromethION/CAFO_FarmDust/CAFO_PromethION_output/Job3_quast/Unclassified/quast_downloaded_references/blast.res_assembly...

Reference genomes are not found.

NOTICE: No references are provided, starting regular QUAST with MetaGeneMark gene finder
/quast-5.2.0/quast.py -t 16 --min-identity 90.0 /hpc/home/yk132/storage/data/CAFO_FarmDust_PromethION/CAFO_FarmDust//CAFO_PromethION_output/Job2_flye_res/Unclassified/assembly.fasta -o /hpc/home/yk132/storage/data/CAFO_FarmDust_PromethION/CAFO_FarmDust/CAFO_PromethION_output/Job3_quast/Unclassified --labels assembly

Version: 5.2.0

System information:
  OS: Linux-5.14.0-362.8.1.el9_3.x86_64-x86_64-with-Ubuntu-20.04-focal (linux_64)
  Python version: 2.7.18
  CPUs number: 86

Started: 2024-05-31 12:53:07

Logging to /hpc/home/yk132/storage/data/CAFO_FarmDust_PromethION/CAFO_FarmDust/CAFO_PromethION_output/Job3_quast/Unclassified/quast.log
NOTICE: Output directory already exists and looks like a QUAST output dir. Existing results can be reused (e.g. previously generated alignments)!

CWD: /hpc/group/gunschlab/yk132/storage/CAFO_FarmDust_PromethION
Main parameters: 
  MODE: meta, threads: 16, min contig length: 500, min alignment length: 65, min alignment IDY: 90.0, \
  ambiguity: one, min local misassembly length: 200, min extensive misassembly length: 1000

Contigs:
  Pre-processing...
  /hpc/home/yk132/storage/data/CAFO_FarmDust_PromethION/CAFO_FarmDust//CAFO_PromethION_output/Job2_flye_res/Unclassified/assembly.fasta ==> assembly

2024-05-31 12:53:08
Running Basic statistics processor...
  Contig files: 
    assembly
  Calculating N50 and L50...
    assembly, N50 = 81640, L50 = 89, auN = 104676.1, Total length = 25038837, GC % = 49.52, # N's per 100 kbp =  0.00
  Drawing Nx plot...
    saved to /hpc/home/yk132/storage/data/CAFO_FarmDust_PromethION/CAFO_FarmDust/CAFO_PromethION_output/Job3_quast/Unclassified/basic_stats/Nx_plot.pdf
  Drawing cumulative plot...
    saved to /hpc/home/yk132/storage/data/CAFO_FarmDust_PromethION/CAFO_FarmDust/CAFO_PromethION_output/Job3_quast/Unclassified/basic_stats/cumulative_plot.pdf
  Drawing GC content plot...
    saved to /hpc/home/yk132/storage/data/CAFO_FarmDust_PromethION/CAFO_FarmDust/CAFO_PromethION_output/Job3_quast/Unclassified/basic_stats/GC_content_plot.pdf
  Drawing assembly GC content plot...
    saved to /hpc/home/yk132/storage/data/CAFO_FarmDust_PromethION/CAFO_FarmDust/CAFO_PromethION_output/Job3_quast/Unclassified/basic_stats/assembly_GC_content_plot.pdf
Done.

NOTICE: Genes are not predicted by default. Use --gene-finding or --glimmer option to enable it.

2024-05-31 12:53:10
Creating large visual summaries...
This may take a while: press Ctrl-C to skip this step..
  1 of 2: Creating PDF with all tables and plots...
  2 of 2: Creating Icarus viewers...
Done

2024-05-31 12:53:10
RESULTS:
  Text versions of total report are saved to /hpc/home/yk132/storage/data/CAFO_FarmDust_PromethION/CAFO_FarmDust/CAFO_PromethION_output/Job3_quast/Unclassified/report.txt, report.tsv, and report.tex
  Text versions of transposed total report are saved to /hpc/home/yk132/storage/data/CAFO_FarmDust_PromethION/CAFO_FarmDust/CAFO_PromethION_output/Job3_quast/Unclassified/transposed_report.txt, transposed_report.tsv, and transposed_report.tex
  HTML version (interactive tables and plots) is saved to /hpc/home/yk132/storage/data/CAFO_FarmDust_PromethION/CAFO_FarmDust/CAFO_PromethION_output/Job3_quast/Unclassified/report.html
  PDF version (tables and plots) is saved to /hpc/home/yk132/storage/data/CAFO_FarmDust_PromethION/CAFO_FarmDust/CAFO_PromethION_output/Job3_quast/Unclassified/report.pdf
  Icarus (contig browser) is saved to /hpc/home/yk132/storage/data/CAFO_FarmDust_PromethION/CAFO_FarmDust/CAFO_PromethION_output/Job3_quast/Unclassified/icarus.html
  Log is saved to /hpc/home/yk132/storage/data/CAFO_FarmDust_PromethION/CAFO_FarmDust/CAFO_PromethION_output/Job3_quast/Unclassified/quast.log

Finished: 2024-05-31 12:53:10
Elapsed time: 0:00:03.260937
NOTICEs: 2; WARNINGs: 0; non-fatal ERRORs: 0

Thank you for using QUAST!
